<?xml version="1.0" encoding="UTF-8"?>
<Site BuildName="(empty)"
	BuildStamp="20240325-1753-Experimental"
	Name="lajos-Ubuntu"
	Generator="ctest-3.16.3"
	CompilerName="/usr/bin/g++"
	CompilerVersion="9.4.0"
	OSName="Linux"
	Hostname="lajos-Ubuntu"
	OSRelease="5.15.0-97-generic"
	OSVersion="#107~20.04.1-Ubuntu SMP Fri Feb 9 14:20:11 UTC 2024"
	OSPlatform="x86_64"
	Is64Bits="1"
	VendorString="GenuineIntel"
	VendorID="Intel Corporation"
	FamilyID="6"
	ModelID="158"
	ProcessorCacheSize="8192"
	NumberOfLogicalCPU="8"
	NumberOfPhysicalCPU="4"
	TotalVirtualMemory="2047"
	TotalPhysicalMemory="15927"
	LogicalProcessorsPerPhysical="2"
	ProcessorClockFrequency="4360.47"
	>
	<Testing>
		<StartDateTime>Mar 25 18:53 CET</StartDateTime>
		<StartTestTime>1711389202</StartTestTime>
		<TestList/>
		<EndDateTime>Mar 25 18:53 CET</EndDateTime>
		<EndTestTime>1711389202</EndTestTime>
		<ElapsedMinutes>0</ElapsedMinutes>
	</Testing>
</Site>
